{"/home/timon/projects/dir-tree-from-scheme/src/core/index.ts": {"path":"/home/timon/projects/dir-tree-from-scheme/src/core/index.ts","all":false,"statementMap":{"0":{"start":{"line":1,"column":0},"end":{"line":1,"column":25}},"1":{"start":{"line":2,"column":0},"end":{"line":2,"column":24}}},"s":{"0":1,"1":1},"branchMap":{},"b":{},"fnMap":{},"f":{}}
,"/home/timon/projects/dir-tree-from-scheme/src/core/types.ts": {"path":"/home/timon/projects/dir-tree-from-scheme/src/core/types.ts","all":false,"statementMap":{"0":{"start":{"line":1,"column":0},"end":{"line":1,"column":22}},"1":{"start":{"line":2,"column":0},"end":{"line":2,"column":57}},"2":{"start":{"line":3,"column":0},"end":{"line":3,"column":1}}},"s":{"0":1,"1":1,"2":1},"branchMap":{},"b":{},"fnMap":{},"f":{}}
,"/home/timon/projects/dir-tree-from-scheme/src/core/entity/dirent.ts": {"path":"/home/timon/projects/dir-tree-from-scheme/src/core/entity/dirent.ts","all":false,"statementMap":{"0":{"start":{"line":1,"column":0},"end":{"line":1,"column":47}},"1":{"start":{"line":2,"column":0},"end":{"line":2,"column":0}},"2":{"start":{"line":3,"column":0},"end":{"line":3,"column":3}},"3":{"start":{"line":4,"column":0},"end":{"line":4,"column":19}},"4":{"start":{"line":5,"column":0},"end":{"line":5,"column":3}},"5":{"start":{"line":6,"column":0},"end":{"line":6,"column":30}},"6":{"start":{"line":7,"column":0},"end":{"line":7,"column":5}},"7":{"start":{"line":8,"column":0},"end":{"line":8,"column":21}},"8":{"start":{"line":9,"column":0},"end":{"line":9,"column":5}},"9":{"start":{"line":10,"column":0},"end":{"line":10,"column":15}},"10":{"start":{"line":11,"column":0},"end":{"line":11,"column":0}},"11":{"start":{"line":12,"column":0},"end":{"line":12,"column":5}},"12":{"start":{"line":13,"column":0},"end":{"line":13,"column":19}},"13":{"start":{"line":14,"column":0},"end":{"line":14,"column":5}},"14":{"start":{"line":15,"column":0},"end":{"line":15,"column":15}},"15":{"start":{"line":16,"column":0},"end":{"line":16,"column":0}},"16":{"start":{"line":17,"column":0},"end":{"line":17,"column":43}},"17":{"start":{"line":18,"column":0},"end":{"line":18,"column":21}},"18":{"start":{"line":19,"column":0},"end":{"line":19,"column":21}},"19":{"start":{"line":20,"column":0},"end":{"line":20,"column":3}},"20":{"start":{"line":21,"column":0},"end":{"line":21,"column":0}},"21":{"start":{"line":22,"column":0},"end":{"line":22,"column":5}},"22":{"start":{"line":23,"column":0},"end":{"line":23,"column":41}},"23":{"start":{"line":24,"column":0},"end":{"line":24,"column":5}},"24":{"start":{"line":25,"column":0},"end":{"line":25,"column":42}},"25":{"start":{"line":26,"column":0},"end":{"line":26,"column":1}}},"s":{"0":1,"1":1,"2":1,"3":1,"4":1,"5":1,"6":1,"7":1,"8":1,"9":1,"10":1,"11":1,"12":1,"13":1,"14":1,"15":1,"16":1,"17":10,"18":10,"19":10,"20":1,"21":1,"22":1,"23":1,"24":1,"25":1},"branchMap":{"0":{"type":"branch","line":17,"loc":{"start":{"line":17,"column":2},"end":{"line":20,"column":3}},"locations":[{"start":{"line":17,"column":2},"end":{"line":20,"column":3}}]}},"b":{"0":[10]},"fnMap":{"0":{"name":"DirEnt","decl":{"start":{"line":17,"column":2},"end":{"line":20,"column":3}},"loc":{"start":{"line":17,"column":2},"end":{"line":20,"column":3}},"line":17}},"f":{"0":10}}
,"/home/timon/projects/dir-tree-from-scheme/src/core/entity/index.ts": {"path":"/home/timon/projects/dir-tree-from-scheme/src/core/entity/index.ts","all":false,"statementMap":{"0":{"start":{"line":1,"column":0},"end":{"line":1,"column":25}}},"s":{"0":1},"branchMap":{},"b":{},"fnMap":{},"f":{}}
,"/home/timon/projects/dir-tree-from-scheme/src/domain/file/file.ts": {"path":"/home/timon/projects/dir-tree-from-scheme/src/domain/file/file.ts","all":false,"statementMap":{"0":{"start":{"line":1,"column":0},"end":{"line":1,"column":32}},"1":{"start":{"line":2,"column":0},"end":{"line":2,"column":42}},"2":{"start":{"line":3,"column":0},"end":{"line":3,"column":36}},"3":{"start":{"line":4,"column":0},"end":{"line":4,"column":0}},"4":{"start":{"line":5,"column":0},"end":{"line":5,"column":3}},"5":{"start":{"line":6,"column":0},"end":{"line":6,"column":26}},"6":{"start":{"line":7,"column":0},"end":{"line":7,"column":3}},"7":{"start":{"line":8,"column":0},"end":{"line":8,"column":37}},"8":{"start":{"line":9,"column":0},"end":{"line":9,"column":5}},"9":{"start":{"line":10,"column":0},"end":{"line":10,"column":10}},"10":{"start":{"line":11,"column":0},"end":{"line":11,"column":5}},"11":{"start":{"line":12,"column":0},"end":{"line":12,"column":25}},"12":{"start":{"line":13,"column":0},"end":{"line":13,"column":0}},"13":{"start":{"line":14,"column":0},"end":{"line":14,"column":5}},"14":{"start":{"line":15,"column":0},"end":{"line":15,"column":17}},"15":{"start":{"line":16,"column":0},"end":{"line":16,"column":5}},"16":{"start":{"line":17,"column":0},"end":{"line":17,"column":42}},"17":{"start":{"line":18,"column":0},"end":{"line":18,"column":0}},"18":{"start":{"line":19,"column":0},"end":{"line":19,"column":94}},"19":{"start":{"line":20,"column":0},"end":{"line":20,"column":58}},"20":{"start":{"line":21,"column":0},"end":{"line":21,"column":22}},"21":{"start":{"line":22,"column":0},"end":{"line":22,"column":25}},"22":{"start":{"line":23,"column":0},"end":{"line":23,"column":21}},"23":{"start":{"line":24,"column":0},"end":{"line":24,"column":0}},"24":{"start":{"line":25,"column":0},"end":{"line":25,"column":45}},"25":{"start":{"line":26,"column":0},"end":{"line":26,"column":3}},"26":{"start":{"line":27,"column":0},"end":{"line":27,"column":0}},"27":{"start":{"line":28,"column":0},"end":{"line":28,"column":34}},"28":{"start":{"line":29,"column":0},"end":{"line":29,"column":21}},"29":{"start":{"line":30,"column":0},"end":{"line":30,"column":0}},"30":{"start":{"line":31,"column":0},"end":{"line":31,"column":30}},"31":{"start":{"line":32,"column":0},"end":{"line":32,"column":23}},"32":{"start":{"line":33,"column":0},"end":{"line":33,"column":18}},"33":{"start":{"line":34,"column":0},"end":{"line":34,"column":14}},"34":{"start":{"line":35,"column":0},"end":{"line":35,"column":7}},"35":{"start":{"line":36,"column":0},"end":{"line":36,"column":24}},"36":{"start":{"line":37,"column":0},"end":{"line":37,"column":56}},"37":{"start":{"line":38,"column":0},"end":{"line":38,"column":7}},"38":{"start":{"line":39,"column":0},"end":{"line":39,"column":16}},"39":{"start":{"line":40,"column":0},"end":{"line":40,"column":69}},"40":{"start":{"line":41,"column":0},"end":{"line":41,"column":38}},"41":{"start":{"line":42,"column":0},"end":{"line":42,"column":7}},"42":{"start":{"line":43,"column":0},"end":{"line":43,"column":5}},"43":{"start":{"line":44,"column":0},"end":{"line":44,"column":0}},"44":{"start":{"line":45,"column":0},"end":{"line":45,"column":51}},"45":{"start":{"line":46,"column":0},"end":{"line":46,"column":3}},"46":{"start":{"line":47,"column":0},"end":{"line":47,"column":1}}},"s":{"0":1,"1":1,"2":1,"3":1,"4":1,"5":1,"6":1,"7":1,"8":1,"9":1,"10":1,"11":1,"12":1,"13":1,"14":1,"15":1,"16":1,"17":1,"18":1,"19":4,"20":4,"21":4,"22":4,"23":4,"24":4,"25":4,"26":1,"27":1,"28":1,"29":1,"30":1,"31":1,"32":0,"33":0,"34":0,"35":1,"36":0,"37":0,"38":1,"39":1,"40":1,"41":1,"42":1,"43":1,"44":1,"45":1,"46":1},"branchMap":{"0":{"type":"branch","line":19,"loc":{"start":{"line":19,"column":2},"end":{"line":26,"column":3}},"locations":[{"start":{"line":19,"column":2},"end":{"line":26,"column":3}}]},"1":{"type":"branch","line":20,"loc":{"start":{"line":20,"column":24},"end":{"line":20,"column":50}},"locations":[{"start":{"line":20,"column":24},"end":{"line":20,"column":50}}]},"2":{"type":"branch","line":20,"loc":{"start":{"line":20,"column":51},"end":{"line":20,"column":57}},"locations":[{"start":{"line":20,"column":51},"end":{"line":20,"column":57}}]},"3":{"type":"branch","line":28,"loc":{"start":{"line":28,"column":2},"end":{"line":46,"column":3}},"locations":[{"start":{"line":28,"column":2},"end":{"line":46,"column":3}}]},"4":{"type":"branch","line":32,"loc":{"start":{"line":32,"column":6},"end":{"line":35,"column":7}},"locations":[{"start":{"line":32,"column":6},"end":{"line":35,"column":7}}]},"5":{"type":"branch","line":36,"loc":{"start":{"line":36,"column":6},"end":{"line":38,"column":7}},"locations":[{"start":{"line":36,"column":6},"end":{"line":38,"column":7}}]},"6":{"type":"branch","line":40,"loc":{"start":{"line":40,"column":59},"end":{"line":40,"column":69}},"locations":[{"start":{"line":40,"column":59},"end":{"line":40,"column":69}}]}},"b":{"0":[4],"1":[3],"2":[1],"3":[1],"4":[0],"5":[0],"6":[0]},"fnMap":{"0":{"name":"DirFile","decl":{"start":{"line":19,"column":2},"end":{"line":26,"column":3}},"loc":{"start":{"line":19,"column":2},"end":{"line":26,"column":3}},"line":19},"1":{"name":"generate","decl":{"start":{"line":28,"column":2},"end":{"line":46,"column":3}},"loc":{"start":{"line":28,"column":2},"end":{"line":46,"column":3}},"line":28}},"f":{"0":4,"1":1}}
,"/home/timon/projects/dir-tree-from-scheme/src/domain/file/index.ts": {"path":"/home/timon/projects/dir-tree-from-scheme/src/domain/file/index.ts","all":false,"statementMap":{"0":{"start":{"line":1,"column":0},"end":{"line":1,"column":23}}},"s":{"0":1},"branchMap":{},"b":{},"fnMap":{},"f":{}}
,"/home/timon/projects/dir-tree-from-scheme/src/domain/folder/folder.ts": {"path":"/home/timon/projects/dir-tree-from-scheme/src/domain/folder/folder.ts","all":false,"statementMap":{"0":{"start":{"line":1,"column":0},"end":{"line":1,"column":32}},"1":{"start":{"line":2,"column":0},"end":{"line":2,"column":34}},"2":{"start":{"line":3,"column":0},"end":{"line":3,"column":31}},"3":{"start":{"line":4,"column":0},"end":{"line":4,"column":32}},"4":{"start":{"line":5,"column":0},"end":{"line":5,"column":0}},"5":{"start":{"line":6,"column":0},"end":{"line":6,"column":3}},"6":{"start":{"line":7,"column":0},"end":{"line":7,"column":20}},"7":{"start":{"line":8,"column":0},"end":{"line":8,"column":3}},"8":{"start":{"line":9,"column":0},"end":{"line":9,"column":36}},"9":{"start":{"line":10,"column":0},"end":{"line":10,"column":5}},"10":{"start":{"line":11,"column":0},"end":{"line":11,"column":23}},"11":{"start":{"line":12,"column":0},"end":{"line":12,"column":5}},"12":{"start":{"line":13,"column":0},"end":{"line":13,"column":25}},"13":{"start":{"line":14,"column":0},"end":{"line":14,"column":0}},"14":{"start":{"line":15,"column":0},"end":{"line":15,"column":5}},"15":{"start":{"line":16,"column":0},"end":{"line":16,"column":21}},"16":{"start":{"line":17,"column":0},"end":{"line":17,"column":5}},"17":{"start":{"line":18,"column":0},"end":{"line":18,"column":49}},"18":{"start":{"line":19,"column":0},"end":{"line":19,"column":0}},"19":{"start":{"line":20,"column":0},"end":{"line":20,"column":71}},"20":{"start":{"line":21,"column":0},"end":{"line":21,"column":59}},"21":{"start":{"line":22,"column":0},"end":{"line":22,"column":22}},"22":{"start":{"line":23,"column":0},"end":{"line":23,"column":25}},"23":{"start":{"line":24,"column":0},"end":{"line":24,"column":0}},"24":{"start":{"line":25,"column":0},"end":{"line":25,"column":47}},"25":{"start":{"line":26,"column":0},"end":{"line":26,"column":0}},"26":{"start":{"line":27,"column":0},"end":{"line":27,"column":36}},"27":{"start":{"line":28,"column":0},"end":{"line":28,"column":3}},"28":{"start":{"line":29,"column":0},"end":{"line":29,"column":0}},"29":{"start":{"line":30,"column":0},"end":{"line":30,"column":5}},"30":{"start":{"line":31,"column":0},"end":{"line":31,"column":42}},"31":{"start":{"line":32,"column":0},"end":{"line":32,"column":5}},"32":{"start":{"line":33,"column":0},"end":{"line":33,"column":25}},"33":{"start":{"line":34,"column":0},"end":{"line":34,"column":44}},"34":{"start":{"line":35,"column":0},"end":{"line":35,"column":4}},"35":{"start":{"line":36,"column":0},"end":{"line":36,"column":39}},"36":{"start":{"line":37,"column":0},"end":{"line":37,"column":96}},"37":{"start":{"line":38,"column":0},"end":{"line":38,"column":62}},"38":{"start":{"line":39,"column":0},"end":{"line":39,"column":7}},"39":{"start":{"line":40,"column":0},"end":{"line":40,"column":3}},"40":{"start":{"line":41,"column":0},"end":{"line":41,"column":0}},"41":{"start":{"line":42,"column":0},"end":{"line":42,"column":34}},"42":{"start":{"line":43,"column":0},"end":{"line":43,"column":60}},"43":{"start":{"line":44,"column":0},"end":{"line":44,"column":0}},"44":{"start":{"line":45,"column":0},"end":{"line":45,"column":40}},"45":{"start":{"line":46,"column":0},"end":{"line":46,"column":0}},"46":{"start":{"line":47,"column":0},"end":{"line":47,"column":50}},"47":{"start":{"line":48,"column":0},"end":{"line":48,"column":2}},"48":{"start":{"line":49,"column":0},"end":{"line":49,"column":58}},"49":{"start":{"line":50,"column":0},"end":{"line":50,"column":3}},"50":{"start":{"line":51,"column":0},"end":{"line":51,"column":1}}},"s":{"0":1,"1":1,"2":1,"3":1,"4":1,"5":1,"6":1,"7":1,"8":1,"9":1,"10":1,"11":1,"12":1,"13":1,"14":1,"15":1,"16":1,"17":1,"18":1,"19":1,"20":6,"21":6,"22":6,"23":6,"24":6,"25":6,"26":6,"27":6,"28":1,"29":1,"30":1,"31":1,"32":1,"33":2,"34":2,"35":2,"36":2,"37":1,"38":2,"39":2,"40":1,"41":1,"42":1,"43":1,"44":1,"45":1,"46":1,"47":1,"48":1,"49":1,"50":1},"branchMap":{"0":{"type":"branch","line":20,"loc":{"start":{"line":20,"column":2},"end":{"line":28,"column":3}},"locations":[{"start":{"line":20,"column":2},"end":{"line":28,"column":3}}]},"1":{"type":"branch","line":21,"loc":{"start":{"line":21,"column":24},"end":{"line":21,"column":51}},"locations":[{"start":{"line":21,"column":24},"end":{"line":21,"column":51}}]},"2":{"type":"branch","line":21,"loc":{"start":{"line":21,"column":52},"end":{"line":21,"column":58}},"locations":[{"start":{"line":21,"column":52},"end":{"line":21,"column":58}}]},"3":{"type":"branch","line":27,"loc":{"start":{"line":27,"column":17},"end":{"line":27,"column":36}},"locations":[{"start":{"line":27,"column":17},"end":{"line":27,"column":36}}]},"4":{"type":"branch","line":33,"loc":{"start":{"line":33,"column":2},"end":{"line":40,"column":3}},"locations":[{"start":{"line":33,"column":2},"end":{"line":40,"column":3}}]},"5":{"type":"branch","line":36,"loc":{"start":{"line":36,"column":20},"end":{"line":39,"column":5}},"locations":[{"start":{"line":36,"column":20},"end":{"line":39,"column":5}}]},"6":{"type":"branch","line":37,"loc":{"start":{"line":37,"column":46},"end":{"line":38,"column":62}},"locations":[{"start":{"line":37,"column":46},"end":{"line":38,"column":62}}]},"7":{"type":"branch","line":42,"loc":{"start":{"line":42,"column":2},"end":{"line":50,"column":3}},"locations":[{"start":{"line":42,"column":2},"end":{"line":50,"column":3}}]}},"b":{"0":[6],"1":[2],"2":[4],"3":[2],"4":[2],"5":[2],"6":[1],"7":[1]},"fnMap":{"0":{"name":"Folder","decl":{"start":{"line":20,"column":2},"end":{"line":28,"column":3}},"loc":{"start":{"line":20,"column":2},"end":{"line":28,"column":3}},"line":20},"1":{"name":"fill","decl":{"start":{"line":33,"column":2},"end":{"line":40,"column":3}},"loc":{"start":{"line":33,"column":2},"end":{"line":40,"column":3}},"line":33},"2":{"name":"generate","decl":{"start":{"line":42,"column":2},"end":{"line":50,"column":3}},"loc":{"start":{"line":42,"column":2},"end":{"line":50,"column":3}},"line":42}},"f":{"0":6,"1":2,"2":1}}
}
